0 info it worked if it ends with ok
1 verbose cli [ 'node',
1 verbose cli   '/Users/sapan/.nvm/v0.10.44/bin/npm',
1 verbose cli   'bugs',
1 verbose cli   'angular2-boilerplate' ]
2 info using npm@3.9.5
3 info using node@v0.10.44
4 silly fetchPackageMetaData angular2-boilerplate
5 silly fetchNamedPackageData angular2-boilerplate
6 silly mapToRegistry name angular2-boilerplate
7 silly mapToRegistry using default registry
8 silly mapToRegistry registry https://registry.npmjs.org/
9 silly mapToRegistry data { raw: 'angular2-boilerplate',
9 silly mapToRegistry   scope: null,
9 silly mapToRegistry   name: 'angular2-boilerplate',
9 silly mapToRegistry   rawSpec: '',
9 silly mapToRegistry   spec: 'latest',
9 silly mapToRegistry   type: 'tag' }
10 silly mapToRegistry uri https://registry.npmjs.org/angular2-boilerplate
11 verbose request uri https://registry.npmjs.org/angular2-boilerplate
12 verbose request no auth needed
13 info attempt registry request try #1 at 09:42:58
14 verbose request id 8943aee63556eba3
15 http request GET https://registry.npmjs.org/angular2-boilerplate
16 http 404 https://registry.npmjs.org/angular2-boilerplate
17 verbose headers { 'content-type': 'application/json',
17 verbose headers   'cache-control': 'max-age=0',
17 verbose headers   'content-length': '2',
17 verbose headers   'accept-ranges': 'bytes',
17 verbose headers   date: 'Sun, 12 Jun 2016 23:42:59 GMT',
17 verbose headers   via: '1.1 varnish',
17 verbose headers   age: '0',
17 verbose headers   connection: 'keep-alive',
17 verbose headers   'x-served-by': 'cache-syd1625-SYD',
17 verbose headers   'x-cache': 'MISS',
17 verbose headers   'x-cache-hits': '0',
17 verbose headers   'x-timer': 'S1465774978.683063,VS0,VE883',
17 verbose headers   vary: 'Accept-Encoding' }
18 silly get cb [ 404,
18 silly get   { 'content-type': 'application/json',
18 silly get     'cache-control': 'max-age=0',
18 silly get     'content-length': '2',
18 silly get     'accept-ranges': 'bytes',
18 silly get     date: 'Sun, 12 Jun 2016 23:42:59 GMT',
18 silly get     via: '1.1 varnish',
18 silly get     age: '0',
18 silly get     connection: 'keep-alive',
18 silly get     'x-served-by': 'cache-syd1625-SYD',
18 silly get     'x-cache': 'MISS',
18 silly get     'x-cache-hits': '0',
18 silly get     'x-timer': 'S1465774978.683063,VS0,VE883',
18 silly get     vary: 'Accept-Encoding' } ]
19 silly fetchPackageMetaData Error: Registry returned 404 for GET on https://registry.npmjs.org/angular2-boilerplate
19 silly fetchPackageMetaData     at makeError (/Users/sapan/.nvm/v0.10.44/lib/node_modules/npm/node_modules/npm-registry-client/lib/request.js:264:12)
19 silly fetchPackageMetaData     at CachingRegistryClient.<anonymous> (/Users/sapan/.nvm/v0.10.44/lib/node_modules/npm/node_modules/npm-registry-client/lib/request.js:242:14)
19 silly fetchPackageMetaData     at Request._callback (/Users/sapan/.nvm/v0.10.44/lib/node_modules/npm/node_modules/npm-registry-client/lib/request.js:172:14)
19 silly fetchPackageMetaData     at Request.self.callback (/Users/sapan/.nvm/v0.10.44/lib/node_modules/npm/node_modules/request/request.js:200:22)
19 silly fetchPackageMetaData     at Request.emit (events.js:98:17)
19 silly fetchPackageMetaData     at Request.<anonymous> (/Users/sapan/.nvm/v0.10.44/lib/node_modules/npm/node_modules/request/request.js:1067:10)
19 silly fetchPackageMetaData     at Request.emit (events.js:117:20)
19 silly fetchPackageMetaData     at IncomingMessage.<anonymous> (/Users/sapan/.nvm/v0.10.44/lib/node_modules/npm/node_modules/request/request.js:988:12)
19 silly fetchPackageMetaData     at IncomingMessage.emit (events.js:117:20)
19 silly fetchPackageMetaData     at _stream_readable.js:944:16
19 silly fetchPackageMetaData  error for angular2-boilerplate { [Error: Registry returned 404 for GET on https://registry.npmjs.org/angular2-boilerplate] pkgid: 'angular2-boilerplate', statusCode: 404, code: 'E404' }
20 verbose stack Error: Registry returned 404 for GET on https://registry.npmjs.org/angular2-boilerplate
20 verbose stack     at makeError (/Users/sapan/.nvm/v0.10.44/lib/node_modules/npm/node_modules/npm-registry-client/lib/request.js:264:12)
20 verbose stack     at CachingRegistryClient.<anonymous> (/Users/sapan/.nvm/v0.10.44/lib/node_modules/npm/node_modules/npm-registry-client/lib/request.js:242:14)
20 verbose stack     at Request._callback (/Users/sapan/.nvm/v0.10.44/lib/node_modules/npm/node_modules/npm-registry-client/lib/request.js:172:14)
20 verbose stack     at Request.self.callback (/Users/sapan/.nvm/v0.10.44/lib/node_modules/npm/node_modules/request/request.js:200:22)
20 verbose stack     at Request.emit (events.js:98:17)
20 verbose stack     at Request.<anonymous> (/Users/sapan/.nvm/v0.10.44/lib/node_modules/npm/node_modules/request/request.js:1067:10)
20 verbose stack     at Request.emit (events.js:117:20)
20 verbose stack     at IncomingMessage.<anonymous> (/Users/sapan/.nvm/v0.10.44/lib/node_modules/npm/node_modules/request/request.js:988:12)
20 verbose stack     at IncomingMessage.emit (events.js:117:20)
20 verbose stack     at _stream_readable.js:944:16
21 verbose statusCode 404
22 verbose pkgid angular2-boilerplate
23 verbose cwd /Users/sapan/Desktop/Sapan/Projects/Angular/dt-test
24 error Darwin 15.2.0
25 error argv "node" "/Users/sapan/.nvm/v0.10.44/bin/npm" "bugs" "angular2-boilerplate"
26 error node v0.10.44
27 error npm  v3.9.5
28 error code E404
29 error 404 Registry returned 404 for GET on https://registry.npmjs.org/angular2-boilerplate
30 error 404
31 error 404 'angular2-boilerplate' is not in the npm registry.
32 error 404 You should bug the author to publish it (or use the name yourself!)
33 error 404 Note that you can also install from a
34 error 404 tarball, folder, http url, or git url.
35 verbose exit [ 1, true ]
